  [1m[35m (17.0ms)[0m  [1m[35mDROP TABLE IF EXISTS "courses" CASCADE[0m
  [1m[35m (50.8ms)[0m  [1m[35mCREATE TABLE "courses" ("id" bigserial primary key, "name" character varying, "prereq_id" integer, "instructor_id" integer, "created_at" timestamp NOT NULL, "updated_at" timestamp NOT NULL)[0m
  [1m[35m (0.4ms)[0m  [1m[35mDROP TABLE IF EXISTS "enrollments" CASCADE[0m
  [1m[35m (4.0ms)[0m  [1m[35mCREATE TABLE "enrollments" ("id" bigserial primary key, "course_id" integer, "student_id" integer, "created_at" timestamp NOT NULL, "updated_at" timestamp NOT NULL)[0m
  [1m[35m (0.3ms)[0m  [1m[35mDROP TABLE IF EXISTS "users" CASCADE[0m
  [1m[35m (4.5ms)[0m  [1m[35mCREATE TABLE "users" ("id" bigserial primary key, "name" character varying, "created_at" timestamp NOT NULL, "updated_at" timestamp NOT NULL)[0m
  [1m[35m (26.2ms)[0m  [1m[35mCREATE TABLE "schema_migrations" ("version" character varying NOT NULL PRIMARY KEY)[0m
  [1m[35m (1.5ms)[0m  [1m[34mSELECT "schema_migrations"."version" FROM "schema_migrations" ORDER BY "schema_migrations"."version" ASC[0m
  [1m[35m (22.5ms)[0m  [1m[32mINSERT INTO "schema_migrations" (version) VALUES (20170710184251)[0m
  [1m[35m (1.0ms)[0m  [1m[32mINSERT INTO "schema_migrations" (version) VALUES
(20170710184213),
(20170710184239);

[0m
  [1m[35m (5.6ms)[0m  [1m[35mCREATE TABLE "ar_internal_metadata" ("key" character varying NOT NULL PRIMARY KEY, "value" character varying, "created_at" timestamp NOT NULL, "updated_at" timestamp NOT NULL)[0m
  [1m[36mActiveRecord::InternalMetadata Load (1.2ms)[0m  [1m[34mSELECT  "ar_internal_metadata".* FROM "ar_internal_metadata" WHERE "ar_internal_metadata"."key" = $1 LIMIT $2[0m  [["key", "environment"], ["LIMIT", 1]]
  [1m[35m (0.4ms)[0m  [1m[35mBEGIN[0m
  [1m[35mSQL (1.5ms)[0m  [1m[32mINSERT INTO "ar_internal_metadata" ("key", "value", "created_at", "updated_at") VALUES ($1, $2, $3, $4) RETURNING "key"[0m  [["key", "environment"], ["value", "development"], ["created_at", "2019-03-27 19:04:42.252500"], ["updated_at", "2019-03-27 19:04:42.252500"]]
  [1m[35m (0.5ms)[0m  [1m[35mCOMMIT[0m
  [1m[36mActiveRecord::InternalMetadata Load (0.9ms)[0m  [1m[34mSELECT  "ar_internal_metadata".* FROM "ar_internal_metadata" WHERE "ar_internal_metadata"."key" = $1 LIMIT $2[0m  [["key", "environment"], ["LIMIT", 1]]
  [1m[35m (0.3ms)[0m  [1m[35mBEGIN[0m
  [1m[35m (0.3ms)[0m  [1m[35mCOMMIT[0m
  [1m[35m (0.6ms)[0m  [1m[35mDROP TABLE IF EXISTS "courses" CASCADE[0m
  [1m[35m (14.1ms)[0m  [1m[35mCREATE TABLE "courses" ("id" bigserial primary key, "name" character varying, "prereq_id" integer, "instructor_id" integer, "created_at" timestamp NOT NULL, "updated_at" timestamp NOT NULL)[0m
  [1m[35m (0.6ms)[0m  [1m[35mDROP TABLE IF EXISTS "enrollments" CASCADE[0m
  [1m[35m (5.7ms)[0m  [1m[35mCREATE TABLE "enrollments" ("id" bigserial primary key, "course_id" integer, "student_id" integer, "created_at" timestamp NOT NULL, "updated_at" timestamp NOT NULL)[0m
  [1m[35m (0.5ms)[0m  [1m[35mDROP TABLE IF EXISTS "users" CASCADE[0m
  [1m[35m (7.4ms)[0m  [1m[35mCREATE TABLE "users" ("id" bigserial primary key, "name" character varying, "created_at" timestamp NOT NULL, "updated_at" timestamp NOT NULL)[0m
  [1m[35m (10.1ms)[0m  [1m[35mCREATE TABLE "schema_migrations" ("version" character varying NOT NULL PRIMARY KEY)[0m
  [1m[35m (1.5ms)[0m  [1m[34mSELECT "schema_migrations"."version" FROM "schema_migrations" ORDER BY "schema_migrations"."version" ASC[0m
  [1m[35m (1.9ms)[0m  [1m[32mINSERT INTO "schema_migrations" (version) VALUES (20170710184251)[0m
  [1m[35m (2.4ms)[0m  [1m[32mINSERT INTO "schema_migrations" (version) VALUES
(20170710184213),
(20170710184239);

[0m
  [1m[35m (113.2ms)[0m  [1m[35mCREATE TABLE "ar_internal_metadata" ("key" character varying NOT NULL PRIMARY KEY, "value" character varying, "created_at" timestamp NOT NULL, "updated_at" timestamp NOT NULL)[0m
  [1m[36mActiveRecord::InternalMetadata Load (1.3ms)[0m  [1m[34mSELECT  "ar_internal_metadata".* FROM "ar_internal_metadata" WHERE "ar_internal_metadata"."key" = $1 LIMIT $2[0m  [["key", "environment"], ["LIMIT", 1]]
  [1m[35m (0.4ms)[0m  [1m[35mBEGIN[0m
  [1m[35mSQL (1.5ms)[0m  [1m[32mINSERT INTO "ar_internal_metadata" ("key", "value", "created_at", "updated_at") VALUES ($1, $2, $3, $4) RETURNING "key"[0m  [["key", "environment"], ["value", "development"], ["created_at", "2019-03-27 19:04:42.489557"], ["updated_at", "2019-03-27 19:04:42.489557"]]
  [1m[35m (0.5ms)[0m  [1m[35mCOMMIT[0m
  [1m[36mActiveRecord::InternalMetadata Load (0.6ms)[0m  [1m[34mSELECT  "ar_internal_metadata".* FROM "ar_internal_metadata" WHERE "ar_internal_metadata"."key" = $1 LIMIT $2[0m  [["key", "environment"], ["LIMIT", 1]]
  [1m[35m (0.3ms)[0m  [1m[35mBEGIN[0m
  [1m[35mSQL (1.3ms)[0m  [1m[33mUPDATE "ar_internal_metadata" SET "value" = $1, "updated_at" = $2 WHERE "ar_internal_metadata"."key" = $3[0m  [["value", "test"], ["updated_at", "2019-03-27 19:04:42.497788"], ["key", "environment"]]
  [1m[35m (0.6ms)[0m  [1m[35mCOMMIT[0m
  [1m[35m (1.9ms)[0m  [1m[34mSELECT "schema_migrations"."version" FROM "schema_migrations" ORDER BY "schema_migrations"."version" ASC[0m
  [1m[35m (0.3ms)[0m  [1m[35mBEGIN[0m
  [1m[36mUser Load (1.0ms)[0m  [1m[34mSELECT "users".* FROM "users"[0m
  [1m[35mSQL (0.8ms)[0m  [1m[32mINSERT INTO "users" ("name", "created_at", "updated_at") VALUES ($1, $2, $3) RETURNING "id"[0m  [["name", "CJ"], ["created_at", "2019-03-27 19:04:42.623105"], ["updated_at", "2019-03-27 19:04:42.623105"]]
  [1m[35mSQL (0.4ms)[0m  [1m[32mINSERT INTO "users" ("name", "created_at", "updated_at") VALUES ($1, $2, $3) RETURNING "id"[0m  [["name", "Flarnie"], ["created_at", "2019-03-27 19:04:42.625425"], ["updated_at", "2019-03-27 19:04:42.625425"]]
  [1m[35mSQL (0.4ms)[0m  [1m[32mINSERT INTO "users" ("name", "created_at", "updated_at") VALUES ($1, $2, $3) RETURNING "id"[0m  [["name", "Jeff"], ["created_at", "2019-03-27 19:04:42.626687"], ["updated_at", "2019-03-27 19:04:42.626687"]]
  [1m[35mSQL (0.4ms)[0m  [1m[32mINSERT INTO "users" ("name", "created_at", "updated_at") VALUES ($1, $2, $3) RETURNING "id"[0m  [["name", "Georges St. Pierre"], ["created_at", "2019-03-27 19:04:42.627885"], ["updated_at", "2019-03-27 19:04:42.627885"]]
  [1m[35mSQL (0.4ms)[0m  [1m[32mINSERT INTO "users" ("name", "created_at", "updated_at") VALUES ($1, $2, $3) RETURNING "id"[0m  [["name", "Ned"], ["created_at", "2019-03-27 19:04:42.629086"], ["updated_at", "2019-03-27 19:04:42.629086"]]
  [1m[36mCourse Load (0.7ms)[0m  [1m[34mSELECT "courses".* FROM "courses"[0m
  [1m[35mSQL (1.1ms)[0m  [1m[32mINSERT INTO "courses" ("name", "instructor_id", "created_at", "updated_at") VALUES ($1, $2, $3, $4) RETURNING "id"[0m  [["name", "Ruby 101"], ["instructor_id", 5], ["created_at", "2019-03-27 19:04:42.645772"], ["updated_at", "2019-03-27 19:04:42.645772"]]
  [1m[35mSQL (0.5ms)[0m  [1m[32mINSERT INTO "courses" ("name", "prereq_id", "instructor_id", "created_at", "updated_at") VALUES ($1, $2, $3, $4, $5) RETURNING "id"[0m  [["name", "Ruby 102"], ["prereq_id", 1], ["instructor_id", 5], ["created_at", "2019-03-27 19:04:42.648523"], ["updated_at", "2019-03-27 19:04:42.648523"]]
  [1m[36mEnrollment Load (0.7ms)[0m  [1m[34mSELECT "enrollments".* FROM "enrollments"[0m
  [1m[35mSQL (0.8ms)[0m  [1m[32mINSERT INTO "enrollments" ("course_id", "student_id", "created_at", "updated_at") VALUES ($1, $2, $3, $4) RETURNING "id"[0m  [["course_id", 1], ["student_id", 3], ["created_at", "2019-03-27 19:04:42.670030"], ["updated_at", "2019-03-27 19:04:42.670030"]]
  [1m[35mSQL (0.4ms)[0m  [1m[32mINSERT INTO "enrollments" ("course_id", "student_id", "created_at", "updated_at") VALUES ($1, $2, $3, $4) RETURNING "id"[0m  [["course_id", 1], ["student_id", 4], ["created_at", "2019-03-27 19:04:42.671951"], ["updated_at", "2019-03-27 19:04:42.671951"]]
  [1m[35mSQL (0.4ms)[0m  [1m[32mINSERT INTO "enrollments" ("course_id", "student_id", "created_at", "updated_at") VALUES ($1, $2, $3, $4) RETURNING "id"[0m  [["course_id", 2], ["student_id", 1], ["created_at", "2019-03-27 19:04:42.673249"], ["updated_at", "2019-03-27 19:04:42.673249"]]
  [1m[35mSQL (0.4ms)[0m  [1m[32mINSERT INTO "enrollments" ("course_id", "student_id", "created_at", "updated_at") VALUES ($1, $2, $3, $4) RETURNING "id"[0m  [["course_id", 2], ["student_id", 2], ["created_at", "2019-03-27 19:04:42.674475"], ["updated_at", "2019-03-27 19:04:42.674475"]]
  [1m[35m (0.7ms)[0m  [1m[35mCOMMIT[0m
  [1m[35m (1.0ms)[0m  [1m[34mSELECT "schema_migrations"."version" FROM "schema_migrations" ORDER BY "schema_migrations"."version" ASC[0m
  [1m[36mEnrollment Load (0.6ms)[0m  [1m[34mSELECT  "enrollments".* FROM "enrollments" ORDER BY "enrollments"."id" ASC LIMIT $1[0m  [["LIMIT", 1]]
  [1m[36mUser Load (0.5ms)[0m  [1m[34mSELECT  "users".* FROM "users" WHERE "users"."id" = $1 LIMIT $2[0m  [["id", 3], ["LIMIT", 1]]
  [1m[36mEnrollment Load (0.6ms)[0m  [1m[34mSELECT  "enrollments".* FROM "enrollments" ORDER BY "enrollments"."id" ASC LIMIT $1[0m  [["LIMIT", 1]]
  [1m[36mCourse Load (0.6ms)[0m  [1m[34mSELECT  "courses".* FROM "courses" WHERE "courses"."id" = $1 LIMIT $2[0m  [["id", 1], ["LIMIT", 1]]
  [1m[36mUser Load (0.6ms)[0m  [1m[34mSELECT  "users".* FROM "users" ORDER BY "users"."id" ASC LIMIT $1[0m  [["LIMIT", 1]]
  [1m[36mUser Load (1.5ms)[0m  [1m[34mSELECT  "users".* FROM "users" ORDER BY "users"."id" ASC LIMIT $1[0m  [["LIMIT", 1]]
  [1m[36mUser Load (0.4ms)[0m  [1m[34mSELECT  "users".* FROM "users" ORDER BY "users"."id" ASC LIMIT $1[0m  [["LIMIT", 1]]
  [1m[36mEnrollment Load (0.6ms)[0m  [1m[34mSELECT "enrollments".* FROM "enrollments" WHERE "enrollments"."course_id" = $1[0m  [["course_id", 1]]
  [1m[36mUser Load (1.8ms)[0m  [1m[34mSELECT  "users".* FROM "users" ORDER BY "users"."id" ASC LIMIT $1[0m  [["LIMIT", 1]]
  [1m[36mEnrollment Load (0.4ms)[0m  [1m[34mSELECT "enrollments".* FROM "enrollments" WHERE "enrollments"."course_id" = $1[0m  [["course_id", 1]]
  [1m[36mUser Load (0.5ms)[0m  [1m[34mSELECT  "users".* FROM "users" ORDER BY "users"."id" ASC LIMIT $1[0m  [["LIMIT", 1]]
  [1m[36mUser Load (0.6ms)[0m  [1m[34mSELECT  "users".* FROM "users" ORDER BY "users"."id" ASC LIMIT $1[0m  [["LIMIT", 1]]
  [1m[36mCourse Load (0.7ms)[0m  [1m[34mSELECT "courses".* FROM "courses" WHERE "courses"."name" = $1[0m  [["name", "1"]]
  [1m[36mUser Load (0.5ms)[0m  [1m[34mSELECT  "users".* FROM "users" ORDER BY "users"."id" ASC LIMIT $1[0m  [["LIMIT", 1]]
  [1m[36mCourse Load (0.5ms)[0m  [1m[34mSELECT "courses".* FROM "courses" WHERE "courses"."name" = $1[0m  [["name", "1"]]
  [1m[36mUser Load (1.0ms)[0m  [1m[34mSELECT  "users".* FROM "users" ORDER BY "users"."id" ASC LIMIT $1[0m  [["LIMIT", 1]]
  [1m[36mUser Load (0.6ms)[0m  [1m[34mSELECT  "users".* FROM "users" ORDER BY "users"."id" ASC LIMIT $1[0m  [["LIMIT", 1]]
  [1m[36mCourse Load (0.7ms)[0m  [1m[34mSELECT "courses".* FROM "courses" INNER JOIN "enrollments" ON "courses"."id" = "enrollments"."course_id" WHERE "enrollments"."student_id" = $1[0m  [["student_id", 1]]
  [1m[36mUser Load (0.5ms)[0m  [1m[34mSELECT  "users".* FROM "users" ORDER BY "users"."id" ASC LIMIT $1[0m  [["LIMIT", 1]]
  [1m[36mEnrollment Load (0.5ms)[0m  [1m[34mSELECT "enrollments".* FROM "enrollments" WHERE "enrollments"."student_id" = $1[0m  [["student_id", 1]]
  [1m[36mCourse Load (1.9ms)[0m  [1m[34mSELECT  "courses".* FROM "courses" ORDER BY "courses"."id" ASC LIMIT $1[0m  [["LIMIT", 1]]
  [1m[36mEnrollment Load (0.4ms)[0m  [1m[34mSELECT "enrollments".* FROM "enrollments" WHERE "enrollments"."course_id" = $1[0m  [["course_id", 1]]
  [1m[36mCourse Load (0.5ms)[0m  [1m[34mSELECT  "courses".* FROM "courses" ORDER BY "courses"."id" ASC LIMIT $1[0m  [["LIMIT", 1]]
  [1m[36mUser Load (0.6ms)[0m  [1m[34mSELECT "users".* FROM "users" INNER JOIN "enrollments" ON "users"."id" = "enrollments"."student_id" WHERE "enrollments"."course_id" = $1[0m  [["course_id", 1]]
  [1m[36mUser Load (0.4ms)[0m  [1m[34mSELECT  "users".* FROM "users" ORDER BY "users"."id" ASC LIMIT $1[0m  [["LIMIT", 1]]
  [1m[36mUser Load (16.6ms)[0m  [1m[34mSELECT "users".* FROM "users" INNER JOIN "enrollments" ON "users"."id" = "enrollments"."student_id" INNER JOIN "courses" ON "enrollments"."course_id" = "courses"."id" INNER JOIN "enrollments" "enrollments_classmates" ON "courses"."id" = "enrollments_classmates"."course_id" WHERE "enrollments_classmates"."student_id" = $1[0m  [["student_id", 1]]
  [1m[36mUser Load (0.5ms)[0m  [1m[34mSELECT  "users".* FROM "users" ORDER BY "users"."id" ASC LIMIT $1 OFFSET $2[0m  [["LIMIT", 1], ["OFFSET", 2]]
  [1m[36mUser Load (1.4ms)[0m  [1m[34mSELECT "users".* FROM "users" INNER JOIN "enrollments" ON "users"."id" = "enrollments"."student_id" INNER JOIN "courses" ON "enrollments"."course_id" = "courses"."id" INNER JOIN "enrollments" "enrollments_classmates" ON "courses"."id" = "enrollments_classmates"."course_id" WHERE "enrollments_classmates"."student_id" = $1[0m  [["student_id", 3]]
  [1m[36mUser Load (0.3ms)[0m  [1m[34mSELECT  "users".* FROM "users" ORDER BY "users"."id" ASC LIMIT $1 OFFSET $2[0m  [["LIMIT", 1], ["OFFSET", 2]]
  [1m[36mUser Load (0.6ms)[0m  [1m[34mSELECT  "users".* FROM "users" ORDER BY "users"."id" ASC LIMIT $1 OFFSET $2[0m  [["LIMIT", 1], ["OFFSET", 2]]
  [1m[36mUser Load (1.8ms)[0m  [1m[34mSELECT "users".* FROM "users" INNER JOIN "enrollments" ON "users"."id" = "enrollments"."student_id" INNER JOIN "courses" ON "enrollments"."course_id" = "courses"."id" INNER JOIN "enrollments" "enrollments_classmates" ON "courses"."id" = "enrollments_classmates"."course_id" WHERE "enrollments_classmates"."student_id" = $1[0m  [["student_id", 3]]
  [1m[36mUser Load (2.3ms)[0m  [1m[34mSELECT  "users".* FROM "users" ORDER BY "users"."id" ASC LIMIT $1 OFFSET $2[0m  [["LIMIT", 1], ["OFFSET", 2]]
  [1m[36mCourse Load (0.6ms)[0m  [1m[34mSELECT  "courses".* FROM "courses" ORDER BY "courses"."id" ASC LIMIT $1[0m  [["LIMIT", 1]]
  [1m[36mCourse Load (0.6ms)[0m  [1m[34mSELECT  "courses".* FROM "courses" ORDER BY "courses"."id" ASC LIMIT $1[0m  [["LIMIT", 1]]
  [1m[36mCourse Load (0.4ms)[0m  [1m[34mSELECT  "courses".* FROM "courses" ORDER BY "courses"."id" ASC LIMIT $1 OFFSET $2[0m  [["LIMIT", 1], ["OFFSET", 1]]
  [1m[36mCourse Load (0.4ms)[0m  [1m[34mSELECT  "courses".* FROM "courses" WHERE "courses"."id" = $1 LIMIT $2[0m  [["id", 1], ["LIMIT", 1]]
  [1m[36mCourse Load (0.6ms)[0m  [1m[34mSELECT  "courses".* FROM "courses" ORDER BY "courses"."id" ASC LIMIT $1[0m  [["LIMIT", 1]]
  [1m[36mCourse Load (0.5ms)[0m  [1m[34mSELECT  "courses".* FROM "courses" WHERE "courses"."id" = $1 LIMIT $2[0m  [["id", 5], ["LIMIT", 1]]
  [1m[36mCourse Load (0.5ms)[0m  [1m[34mSELECT  "courses".* FROM "courses" ORDER BY "courses"."id" ASC LIMIT $1 OFFSET $2[0m  [["LIMIT", 1], ["OFFSET", 1]]
  [1m[36mCourse Load (0.3ms)[0m  [1m[34mSELECT  "courses".* FROM "courses" WHERE "courses"."id" = $1 LIMIT $2[0m  [["id", 5], ["LIMIT", 1]]
  [1m[36mCourse Load (0.7ms)[0m  [1m[34mSELECT  "courses".* FROM "courses" ORDER BY "courses"."id" ASC LIMIT $1[0m  [["LIMIT", 1]]
  [1m[36mCourse Load (0.5ms)[0m  [1m[34mSELECT  "courses".* FROM "courses" ORDER BY "courses"."id" ASC LIMIT $1 OFFSET $2[0m  [["LIMIT", 1], ["OFFSET", 1]]
  [1m[36mCourse Load (0.7ms)[0m  [1m[34mSELECT  "courses".* FROM "courses" ORDER BY "courses"."id" ASC LIMIT $1[0m  [["LIMIT", 1]]
  [1m[36mCourse Load (0.5ms)[0m  [1m[34mSELECT  "courses".* FROM "courses" ORDER BY "courses"."id" ASC LIMIT $1 OFFSET $2[0m  [["LIMIT", 1], ["OFFSET", 1]]
  [1m[36mCourse Load (0.6ms)[0m  [1m[34mSELECT  "courses".* FROM "courses" ORDER BY "courses"."id" ASC LIMIT $1[0m  [["LIMIT", 1]]
  [1m[36mUser Load (0.4ms)[0m  [1m[34mSELECT  "users".* FROM "users" WHERE "users"."id" = $1 LIMIT $2[0m  [["id", 5], ["LIMIT", 1]]
  [1m[36mCourse Load (0.6ms)[0m  [1m[34mSELECT  "courses".* FROM "courses" ORDER BY "courses"."id" ASC LIMIT $1 OFFSET $2[0m  [["LIMIT", 1], ["OFFSET", 1]]
  [1m[36mUser Load (0.4ms)[0m  [1m[34mSELECT  "users".* FROM "users" WHERE "users"."id" = $1 LIMIT $2[0m  [["id", 5], ["LIMIT", 1]]
